time="Sun, 28 Aug 2022 16:00:04 +0200" level=info msg="status bad request"
time="Sun, 28 Aug 2022 16:00:08 +0200" level=info msg="status bad request"
time="Sun, 28 Aug 2022 16:00:14 +0200" level=info msg="status OK"
6 +0200" level=info msg=dsfsfsd
time="Sat, 27 Aug 2022 20:35:36 +0200" level=info msg=dsfsfsd
time="Sat, 27 Aug 2022 20:35:36 +0200" level=info msg=dsfsfsd
time="Sat, 27 Aug 2022 20:35:36 +0200" level=info msg=dsfsfsd
time="Sat, 27 Aug 2022 20:35:36 +0200" level=info msg=dsfsfsd
time="Sat, 27 Aug 2022 20:35:36 +0200" level=info msg=dsfsfsd
time="Sat, 27 Aug 2022 20:35:36 +0200" level=info msg=dsfsfsd
time="Sat, 27 Aug 2022 20:35:37 +0200" level=info msg=dsfsfsd
time="Sat, 27 Aug 2022 20:35:37 +0200" level=info msg=dsfsfsd
time="Sat, 27 Aug 2022 20:35:37 +0200" level=info msg=dsfsfsd
time="Sat, 27 Aug 2022 20:35:37 +0200" level=info msg=dsfsfsd
time="Sat, 27 Aug 2022 20:35:37 +0200" level=info msg=dsfsfsd
time="Sat, 27 Aug 2022 20:35:37 +0200" level=info msg=dsfsfsd
time="Sat, 27 Aug 2022 20:35:37 +0200" level=info msg=dsfsfsd
time="Sat, 27 Aug 2022 20:35:38 +0200" level=info msg=dsfsfsd
time="Sat, 27 Aug 2022 20:35:38 +0200" level=info msg=dsfsfsd
time="Sat, 27 Aug 2022 20:35:38 +0200" level=info msg=dsfsfsd
time="Sat, 27 Aug 2022 20:35:38 +0200" level=info msg=dsfsfsd
time="Sat, 27 Aug 2022 20:35:38 +0200" level=info msg=dsfsfsd
time="Sat, 27 Aug 2022 20:35:38 +0200" level=info msg=dsfsfsd
time="Sat, 27 Aug 2022 20:35:39 +0200" level=info msg=dsfsfsd
time="Sat, 27 Aug 2022 20:35:39 +0200" level=info msg=dsfsfsd
time="Sat, 27 Aug 2022 20:35:39 +0200" level=info msg=dsfsfsd
time="Sat, 27 Aug 2022 20:35:39 +0200" level=info msg=dsfsfsd
time="Sat, 27 Aug 2022 20:35:39 +0200" level=info msg=dsfsfsd
time="Sat, 27 Aug 2022 20:35:39 +0200" level=info msg=dsfsfsd
time="Sun, 28 Aug 2022 15:36:10 +0200" level=info msg="status not found"
time="Sun, 28 Aug 2022 15:37:12 +0200" level=info msg="status bad request"
time="Sun, 28 Aug 2022 15:37:37 +0200" level=info msg="status bad request"
time="Sun, 28 Aug 2022 15:41:32 +0200" level=info msg="status bad request"
time="Sun, 28 Aug 2022 15:41:50 +0200" level=info msg="status bad request"
time="Sun, 28 Aug 2022 15:41:53 +0200" level=info msg="status bad request"
time="Sun, 28 Aug 2022 15:45:02 +0200" level=info msg="status bad request"
time="Sun, 28 Aug 2022 15:45:21 +0200" level=info msg="status bad request"
time="Sun, 28 Aug 2022 15:45:32 +0200" level=info msg="status bad request"
time="Sun, 28 Aug 2022 15:46:06 +0200" level=info msg="status bad request"
